0 info it worked if it ends with ok
1 verbose cli [ 'C:\\VBoxShared\\Programs\\NodeJS\\4.x.x-x64\\node.exe',
1 verbose cli   'C:\\Users\\Dedy.irawan\\AppData\\Roaming\\npm\\node_modules\\npm\\bin\\npm-cli.js',
1 verbose cli   'run',
1 verbose cli   'watch' ]
2 info using npm@3.10.9
3 info using node@v4.6.2
4 verbose run-script [ 'prewatch', 'watch', 'postwatch' ]
5 info lifecycle Ionic2HelloWorld@~prewatch: Ionic2HelloWorld@
6 silly lifecycle Ionic2HelloWorld@~prewatch: no script for prewatch, continuing
7 info lifecycle Ionic2HelloWorld@~watch: Ionic2HelloWorld@
8 verbose lifecycle Ionic2HelloWorld@~watch: unsafe-perm in lifecycle true
9 verbose lifecycle Ionic2HelloWorld@~watch: PATH: C:\Users\Dedy.irawan\AppData\Roaming\npm\node_modules\npm\bin\node-gyp-bin;C:\VBoxShared\GitHub\DedyCated\Ionic2HelloWorld\node_modules\.bin;C:\Users\Dedy.irawan\AppData\Roaming\npm;C:\VBoxShared\Programs\NodeJS\4.x.x-x64\;C:\ProgramData\Oracle\Java\javapath;c:\Program Files (x86)\Intel\iCLS Client\;c:\Program Files\Intel\iCLS Client\;C:\Program Files\Broadcom\Broadcom 802.11;C:\WINDOWS\system32;C:\WINDOWS;C:\WINDOWS\System32\Wbem;C:\WINDOWS\System32\WindowsPowerShell\v1.0\;c:\Program Files (x86)\Hewlett-Packard\HP ProtectTools Security Manager\Bin\;C:\Program Files (x86)\Intel\OpenCL SDK\3.0\bin\x86;C:\Program Files (x86)\Intel\OpenCL SDK\3.0\bin\x64;C:\Program Files\Intel\Intel(R) Management Engine Components\DAL;C:\Program Files\Intel\Intel(R) Management Engine Components\IPT;C:\Program Files (x86)\Intel\Intel(R) Management Engine Components\DAL;C:\Program Files (x86)\Intel\Intel(R) Management Engine Components\IPT;c:\Program Files\WIDCOMM\Bluetooth Software\;c:\Program Files\WIDCOMM\Bluetooth Software\syswow64;C:\Program Files (x86)\Skype\Phone\;C:\Program Files (x86)\QuickTime\QTSystem\;C:\Program Files\Microsoft\Web Platform Installer\;C:\Program Files (x86)\Microsoft ASP.NET\ASP.NET Web Pages\v1.0\;C:\Program Files\Micro;C:\Program Files\Microsoft SQL Server\120\Tools\Binn\;c:\Program Files (x86)\Microsoft SQL Server\Client SDK\ODBC\110\Tools\Binn\;c:\Program Files (x86)\Microsoft SQL Server\120\Tools\Binn\ManagementStudio\;c:\Program Files (x86)\Microsoft SQL Server\120\Tools\Binn\;c:\Program Files (x86)\Microsoft SQL Server\120\DTS\Binn\;C:\VBoxShared\Programs\NodeJS\4.x.x-x64\;C:\ProgramData\Oracle\Java\javapath;c:\Program Files (x86)\Intel\iCLS Client\;c:\Program Files\Intel\iCLS Client\;C:\Program Files\Broadcom\Broadcom 802.11;C:\WINDOWS\system32;C:\WINDOWS;C:\WINDOWS\System32\Wbem;C:\WINDOWS\System32\WindowsPowerShell\v1.0\;c:\Program Files (x86)\Hewlett-Packard\HP ProtectTools Security Manager\Bin\;C:\Program Files (x86)\Intel\OpenCL SDK\3.0\bin\x86;C:\Program Files (x86)\Intel\OpenCL SDK\3.0\bin\x64;C:\Program Files\Intel\Intel(R) Management Engine Components\DAL;C:\Program Files\Intel\Intel(R) Management Engine Components\IPT;C:\Program Files (x86)\Intel\Intel(R) Management Engine Components\DAL;C:\Program Files (x86)\Intel\Intel(R) Management Engine Components\IPT;c:\Program Files\WIDCOMM\Bluetooth Software\;c:\Program Files\WIDCOMM\Bluetooth Software\syswow64;C:\Program Files (x86)\Skype\Phone\;C:\Program Files (x86)\QuickTime\QTSystem\;C:\Program Files\Microsoft\Web Platform Installer\;C:\Program Files (x86)\Microsoft ASP.NET\ASP.NET Web Pages\v1.0\;C:\Program Files\Micro;C:\VBoxShared\Programs\Android\android-sdk-windows\tools;C:\VBoxShared\Programs\Android\android-sdk-windows\platform-tools
10 verbose lifecycle Ionic2HelloWorld@~watch: CWD: C:\VBoxShared\GitHub\DedyCated\Ionic2HelloWorld
11 silly lifecycle Ionic2HelloWorld@~watch: Args: [ '/d /s /c', 'ionic-app-scripts watch' ]
12 silly lifecycle Ionic2HelloWorld@~watch: Returned: code: 3221225786  signal: null
13 info lifecycle Ionic2HelloWorld@~watch: Failed to exec watch script
14 verbose stack Error: Ionic2HelloWorld@ watch: `ionic-app-scripts watch`
14 verbose stack Exit status 3221225786
14 verbose stack     at EventEmitter.<anonymous> (C:\Users\Dedy.irawan\AppData\Roaming\npm\node_modules\npm\lib\utils\lifecycle.js:255:16)
14 verbose stack     at emitTwo (events.js:87:13)
14 verbose stack     at EventEmitter.emit (events.js:172:7)
14 verbose stack     at ChildProcess.<anonymous> (C:\Users\Dedy.irawan\AppData\Roaming\npm\node_modules\npm\lib\utils\spawn.js:40:14)
14 verbose stack     at emitTwo (events.js:87:13)
14 verbose stack     at ChildProcess.emit (events.js:172:7)
14 verbose stack     at maybeClose (internal/child_process.js:854:16)
14 verbose stack     at Process.ChildProcess._handle.onexit (internal/child_process.js:222:5)
15 verbose pkgid Ionic2HelloWorld@
16 verbose cwd C:\VBoxShared\GitHub\DedyCated\Ionic2HelloWorld
17 error Windows_NT 10.0.14393
18 error argv "C:\\VBoxShared\\Programs\\NodeJS\\4.x.x-x64\\node.exe" "C:\\Users\\Dedy.irawan\\AppData\\Roaming\\npm\\node_modules\\npm\\bin\\npm-cli.js" "run" "watch"
19 error node v4.6.2
20 error npm  v3.10.9
21 error code ELIFECYCLE
22 error Ionic2HelloWorld@ watch: `ionic-app-scripts watch`
22 error Exit status 3221225786
23 error Failed at the Ionic2HelloWorld@ watch script 'ionic-app-scripts watch'.
23 error Make sure you have the latest version of node.js and npm installed.
23 error If you do, this is most likely a problem with the Ionic2HelloWorld package,
23 error not with npm itself.
23 error Tell the author that this fails on your system:
23 error     ionic-app-scripts watch
23 error You can get information on how to open an issue for this project with:
23 error     npm bugs Ionic2HelloWorld
23 error Or if that isn't available, you can get their info via:
23 error     npm owner ls Ionic2HelloWorld
23 error There is likely additional logging output above.
24 verbose exit [ 1, true ]
